2023-09-22 19:46:30,071 [INFO] Activator:176 - 


2023-09-22 19:46:30,074 [INFO] Activator:177 - !SESSION log4j initialized
2023-09-22 19:46:34,851 [INFO] LogOutputStream:77 - [STDOUT_REDIRECT] 
2023-09-22 19:46:37,300 [INFO] ApplicationProperties:184 - Using Application install path: C:\ST\STM32CubeIDE_1.13.1\STM32CubeIDE\plugins\com.st.stm32cube.common.mx_6.9.1.202307191849
2023-09-22 19:46:37,314 [INFO] DbMcusXml:78 - Set database path to: C:\ST\STM32CubeIDE_1.13.1\STM32CubeIDE\plugins\com.st.stm32cube.common.mx_6.9.1.202307191849\\db\/mcu/
2023-09-22 19:46:37,315 [INFO] ApiDb:274 - Set plugin database path to: C:\ST\STM32CubeIDE_1.13.1\STM32CubeIDE\plugins\com.st.stm32cube.common.mx_6.9.1.202307191849\\db\/plugins/boardmanager/
2023-09-22 19:46:37,452 [WARN] ApiDb:259 - Overriding images path with different value:  => C:\ST\STM32CubeIDE_1.13.1\STM32CubeIDE\plugins\com.st.stm32cube.common.mx_6.9.1.202307191849\\db\/plugins/mcufinder/images/
2023-09-22 19:46:37,462 [INFO] ApiDb:250 - Set database path to: C:\Users\arnau\.stmcufinder\plugins\mcufinder//mcu/
2023-09-22 19:46:37,463 [INFO] DbMcusAds:125 - Set database path to: C:\Users\arnau\.stmcufinder\plugins\mcufinder//mcu/
2023-09-22 19:46:37,464 [INFO] CrossReferenceDbSqlite:203 - Set database path to: C:\Users\arnau\.stmcufinder\plugins\mcufinder//mcu/cs/
2023-09-22 19:46:37,542 [INFO] RulesReader:64 - Compatibility file has been processed (293 Rules)
2023-09-22 19:46:37,604 [INFO] DbMcusXml:78 - Set database path to: C:\ST\STM32CubeIDE_1.13.1\STM32CubeIDE\plugins\com.st.stm32cube.common.mx_6.9.1.202307191849\\db\/mcu/
2023-09-22 19:46:37,604 [INFO] ApiDb:274 - Set plugin database path to: C:\ST\STM32CubeIDE_1.13.1\STM32CubeIDE\plugins\com.st.stm32cube.common.mx_6.9.1.202307191849\\db\/plugins/boardmanager/
2023-09-22 19:46:37,604 [INFO] ApiDb:261 - Set plugin images path to: C:\ST\STM32CubeIDE_1.13.1\STM32CubeIDE\plugins\com.st.stm32cube.common.mx_6.9.1.202307191849\\db\/plugins/mcufinder/images/
2023-09-22 19:46:37,604 [WARN] DbFile:41 - Overriding database path with different value: C:\Users\arnau\.stmcufinder\plugins\mcufinder/ => C:\Users\arnau\.stmcufinder\plugins\mcufinder
2023-09-22 19:46:37,604 [INFO] ApiDb:250 - Set database path to: C:\Users\arnau\.stmcufinder\plugins\mcufinder//mcu/
2023-09-22 19:46:37,605 [WARN] DbFile:41 - Overriding database path with different value: C:\Users\arnau\.stmcufinder\plugins\mcufinder/ => C:\Users\arnau\.stmcufinder\plugins\mcufinder
2023-09-22 19:46:37,605 [INFO] DbMcusAds:125 - Set database path to: C:\Users\arnau\.stmcufinder\plugins\mcufinder//mcu/
2023-09-22 19:46:37,605 [WARN] DbFile:41 - Overriding database path with different value: C:\Users\arnau\.stmcufinder\plugins\mcufinder/ => C:\Users\arnau\.stmcufinder\plugins\mcufinder
2023-09-22 19:46:37,605 [WARN] DbFile:41 - Overriding database path with different value: C:\Users\arnau\.stmcufinder\plugins\mcufinder/ => C:\Users\arnau\.stmcufinder\plugins\mcufinder
2023-09-22 19:46:37,605 [INFO] CrossReferenceDbSqlite:203 - Set database path to: C:\Users\arnau\.stmcufinder\plugins\mcufinder//mcu/cs/
2023-09-22 19:46:37,661 [INFO] MainPanel:262 - HeapMemory: 268435456
2023-09-22 19:46:37,731 [INFO] DbMcusXml:78 - Set database path to: C:\ST\STM32CubeIDE_1.13.1\STM32CubeIDE\plugins\com.st.stm32cube.common.mx_6.9.1.202307191849\\db\/mcu/
2023-09-22 19:46:37,731 [INFO] ApiDb:274 - Set plugin database path to: C:\ST\STM32CubeIDE_1.13.1\STM32CubeIDE\plugins\com.st.stm32cube.common.mx_6.9.1.202307191849\\db\/plugins/boardmanager/
2023-09-22 19:46:37,731 [INFO] ApiDb:261 - Set plugin images path to: C:\ST\STM32CubeIDE_1.13.1\STM32CubeIDE\plugins\com.st.stm32cube.common.mx_6.9.1.202307191849\\db\/plugins/mcufinder/images/
2023-09-22 19:46:37,732 [WARN] DbFile:41 - Overriding database path with different value: C:\Users\arnau\.stmcufinder\plugins\mcufinder/ => C:\Users\arnau\.stmcufinder\plugins\mcufinder
2023-09-22 19:46:37,732 [INFO] ApiDb:250 - Set database path to: C:\Users\arnau\.stmcufinder\plugins\mcufinder//mcu/
2023-09-22 19:46:37,732 [WARN] DbFile:41 - Overriding database path with different value: C:\Users\arnau\.stmcufinder\plugins\mcufinder/ => C:\Users\arnau\.stmcufinder\plugins\mcufinder
2023-09-22 19:46:37,732 [INFO] DbMcusAds:125 - Set database path to: C:\Users\arnau\.stmcufinder\plugins\mcufinder//mcu/
2023-09-22 19:46:37,732 [WARN] DbFile:41 - Overriding database path with different value: C:\Users\arnau\.stmcufinder\plugins\mcufinder/ => C:\Users\arnau\.stmcufinder\plugins\mcufinder
2023-09-22 19:46:37,732 [WARN] DbFile:41 - Overriding database path with different value: C:\Users\arnau\.stmcufinder\plugins\mcufinder/ => C:\Users\arnau\.stmcufinder\plugins\mcufinder
2023-09-22 19:46:37,732 [INFO] CrossReferenceDbSqlite:203 - Set database path to: C:\Users\arnau\.stmcufinder\plugins\mcufinder//mcu/cs/
2023-09-22 19:46:37,745 [INFO] ApplicationProperties:184 - Using Application install path: C:\ST\STM32CubeIDE_1.13.1\STM32CubeIDE\plugins\com.st.stm32cube.common.mx_6.9.1.202307191849
2023-09-22 19:46:37,746 [INFO] PluginManage:196 - Search for loadable plugins [exclusion list=, ]
2023-09-22 19:46:37,747 [INFO] PluginManage:310 - Check plugin analytics
2023-09-22 19:46:37,866 [INFO] AnalyticsPlugin:253 - Accepted Software Licenses: 
2023-09-22 19:46:37,866 [INFO] AnalyticsPlugin:255 - Accepted CMSIS Pack Licenses: 
2023-09-22 19:46:37,866 [INFO] AnalyticsPlugin:257 - Accepted Firmware Licenses: 
2023-09-22 19:46:37,868 [INFO] PluginManage:359 - Loaded plugin analytics (category:tool,tabindex:-1)
2023-09-22 19:46:37,868 [INFO] PluginManage:310 - Check plugin cadmodel
2023-09-22 19:46:37,879 [INFO] CADModel:105 - Init CAD model plugin
2023-09-22 19:46:37,879 [INFO] PluginManage:359 - Loaded plugin cadmodel (category:power,tabindex:5)
2023-09-22 19:46:37,879 [INFO] PluginManage:310 - Check plugin clock
2023-09-22 19:46:37,896 [INFO] PluginManage:359 - Loaded plugin clock (category:base,tabindex:2)
2023-09-22 19:46:37,896 [INFO] PluginManage:310 - Check plugin ddr
2023-09-22 19:46:37,897 [INFO] PluginManage:359 - Loaded plugin ddr (category:tool,tabindex:6)
2023-09-22 19:46:37,898 [INFO] PluginManage:310 - Check plugin filemanager
2023-09-22 19:46:38,014 [INFO] PluginManage:359 - Loaded plugin filemanager (category:base,tabindex:10)
2023-09-22 19:46:38,014 [INFO] PluginManage:310 - Check plugin ipmanager
2023-09-22 19:46:38,019 [INFO] PluginManage:359 - Loaded plugin ipmanager (category:base,tabindex:5)
2023-09-22 19:46:38,019 [INFO] PluginManage:310 - Check plugin lpbam
2023-09-22 19:46:38,032 [INFO] PluginManage:359 - Loaded plugin lpbam (category:base,tabindex:0)
2023-09-22 19:46:38,033 [INFO] PluginManage:310 - Check plugin memorymap
2023-09-22 19:46:38,049 [INFO] PluginManage:359 - Loaded plugin memorymap (category:base,tabindex:4)
2023-09-22 19:46:38,049 [INFO] PluginManage:310 - Check plugin pinoutandconfiguration
2023-09-22 19:46:38,062 [INFO] PluginManage:359 - Loaded plugin pinoutandconfiguration (category:base,tabindex:1)
2023-09-22 19:46:38,062 [INFO] PluginManage:310 - Check plugin pinoutconfig
2023-09-22 19:46:38,129 [WARN] SupportedApi:132 - Cannot load RTOS API schema: s4s-elt-must-match.1: The content of 'definitions' must match (annotation?, (simpleType | complexType)?, (unique | key | keyref)*)). A problem was found starting at: attribute.
2023-09-22 19:46:38,224 [INFO] PluginManage:359 - Loaded plugin pinoutconfig (category:base,tabindex:0)
2023-09-22 19:46:38,224 [INFO] PluginManage:310 - Check plugin power
2023-09-22 19:46:38,239 [INFO] PluginManage:359 - Loaded plugin power (category:power,tabindex:4)
2023-09-22 19:46:38,239 [INFO] PluginManage:310 - Check plugin projectmanager
2023-09-22 19:46:38,251 [INFO] PluginManage:359 - Loaded plugin projectmanager (category:projectmanager,tabindex:3)
2023-09-22 19:46:38,251 [INFO] PluginManage:310 - Check plugin thirdparty
2023-09-22 19:46:38,436 [INFO] PluginManage:359 - Loaded plugin thirdparty (category:base,tabindex:-1)
2023-09-22 19:46:38,436 [WARN] IntegrityCheckThread:84 - waiting for thirdparty lock release [integrity check]
2023-09-22 19:46:38,437 [INFO] PluginManage:310 - Check plugin tools
2023-09-22 19:46:38,437 [INFO] IntegrityCheckThread:86 - entering critical section [integrity check]
2023-09-22 19:46:38,437 [INFO] ThirdPartyUpdaterWithRetryManager:70 - Updater plugin not ready yet. [1/15]
2023-09-22 19:46:38,459 [INFO] PluginManage:359 - Loaded plugin tools (category:base,tabindex:7)
2023-09-22 19:46:38,460 [INFO] PluginManage:310 - Check plugin tutovideos
2023-09-22 19:46:38,601 [INFO] PluginManage:359 - Loaded plugin tutovideos (category:base,tabindex:-1)
2023-09-22 19:46:38,601 [INFO] PluginManage:310 - Check plugin updater
2023-09-22 19:46:38,608 [INFO] PluginManage:359 - Loaded plugin updater (category:base,tabindex:12)
2023-09-22 19:46:38,609 [INFO] PluginManage:310 - Check plugin userauth
2023-09-22 19:46:38,613 [INFO] UserAuth:113 - Init User Auth plugin
2023-09-22 19:46:38,613 [INFO] PluginManage:359 - Loaded plugin userauth (category:base,tabindex:14)
2023-09-22 19:46:38,613 [INFO] PluginManage:283 - PluginManage : Loaded plugins [17]
2023-09-22 19:46:38,771 [INFO] PinOutPanel:1499 - setPackage(No Configuration,No Configuration)
2023-09-22 19:46:38,844 [INFO] CADModel:165 - CPN selected for project level
2023-09-22 19:46:38,844 [INFO] CADModel:114 - Register for checkConnection events
2023-09-22 19:46:38,894 [INFO] IPUIPlugin:80 - create IPUIPlugin
2023-09-22 19:46:38,895 [INFO] PluginManager:220 - loadIPPluginJar : add adc
2023-09-22 19:46:38,917 [INFO] IPUIPlugin:80 - create IPUIPlugin
2023-09-22 19:46:38,917 [INFO] PluginManager:220 - loadIPPluginJar : add aes
2023-09-22 19:46:38,944 [INFO] IPUIPlugin:80 - create IPUIPlugin
2023-09-22 19:46:38,944 [INFO] PluginManager:220 - loadIPPluginJar : add can
2023-09-22 19:46:38,957 [INFO] IPUIPlugin:80 - create IPUIPlugin
2023-09-22 19:46:38,957 [INFO] PluginManager:220 - loadIPPluginJar : add comp
2023-09-22 19:46:38,978 [INFO] IPUIPlugin:80 - create IPUIPlugin
2023-09-22 19:46:38,978 [INFO] PluginManager:220 - loadIPPluginJar : add cryp
2023-09-22 19:46:38,997 [INFO] IPUIPlugin:80 - create IPUIPlugin
2023-09-22 19:46:38,997 [INFO] PluginManager:220 - loadIPPluginJar : add dfsdm
2023-09-22 19:46:39,007 [INFO] IPUIPlugin:80 - create IPUIPlugin
2023-09-22 19:46:39,007 [INFO] PluginManager:220 - loadIPPluginJar : add dma
2023-09-22 19:46:39,035 [INFO] IPUIPlugin:80 - create IPUIPlugin
2023-09-22 19:46:39,035 [INFO] PluginManager:220 - loadIPPluginJar : add dma3
2023-09-22 19:46:39,048 [INFO] IPUIPlugin:80 - create IPUIPlugin
2023-09-22 19:46:39,048 [INFO] PluginManager:220 - loadIPPluginJar : add fatfs
2023-09-22 19:46:39,078 [INFO] IPUIPlugin:80 - create IPUIPlugin
2023-09-22 19:46:39,078 [INFO] PluginManager:220 - loadIPPluginJar : add fmc
2023-09-22 19:46:39,089 [INFO] IPUIPlugin:80 - create IPUIPlugin
2023-09-22 19:46:39,089 [INFO] PluginManager:220 - loadIPPluginJar : add freertos
2023-09-22 19:46:39,101 [INFO] IPUIPlugin:80 - create IPUIPlugin
2023-09-22 19:46:39,102 [INFO] PluginManager:220 - loadIPPluginJar : add genericplugin
2023-09-22 19:46:39,160 [INFO] IPUIPlugin:80 - create IPUIPlugin
2023-09-22 19:46:39,160 [INFO] PluginManager:220 - loadIPPluginJar : add gfxmmu
2023-09-22 19:46:39,239 [INFO] IPUIPlugin:80 - create IPUIPlugin
2023-09-22 19:46:39,239 [INFO] PluginManager:220 - loadIPPluginJar : add gic
2023-09-22 19:46:39,247 [INFO] IPUIPlugin:80 - create IPUIPlugin
2023-09-22 19:46:39,247 [INFO] PluginManager:220 - loadIPPluginJar : add gpio
2023-09-22 19:46:39,306 [INFO] IPUIPlugin:80 - create IPUIPlugin
2023-09-22 19:46:39,306 [INFO] PluginManager:220 - loadIPPluginJar : add gtzc
2023-09-22 19:46:39,325 [INFO] IPUIPlugin:80 - create IPUIPlugin
2023-09-22 19:46:39,325 [INFO] PluginManager:220 - loadIPPluginJar : add hash
2023-09-22 19:46:39,357 [INFO] IPUIPlugin:80 - create IPUIPlugin
2023-09-22 19:46:39,357 [INFO] PluginManager:220 - loadIPPluginJar : add i2c
2023-09-22 19:46:39,382 [INFO] IPUIPlugin:80 - create IPUIPlugin
2023-09-22 19:46:39,382 [INFO] PluginManager:220 - loadIPPluginJar : add i2s
2023-09-22 19:46:39,408 [INFO] IPUIPlugin:80 - create IPUIPlugin
2023-09-22 19:46:39,408 [INFO] PluginManager:220 - loadIPPluginJar : add i3c
2023-09-22 19:46:39,477 [INFO] IPUIPlugin:80 - create IPUIPlugin
2023-09-22 19:46:39,478 [INFO] PluginManager:220 - loadIPPluginJar : add ipddr
2023-09-22 19:46:39,533 [INFO] IPUIPlugin:80 - create IPUIPlugin
2023-09-22 19:46:39,533 [INFO] PluginManager:220 - loadIPPluginJar : add linkedlist
2023-09-22 19:46:39,556 [INFO] IPUIPlugin:80 - create IPUIPlugin
2023-09-22 19:46:39,556 [INFO] PluginManager:220 - loadIPPluginJar : add lorawan
2023-09-22 19:46:39,579 [INFO] IPUIPlugin:80 - create IPUIPlugin
2023-09-22 19:46:39,579 [INFO] PluginManager:220 - loadIPPluginJar : add ltdc
2023-09-22 19:46:39,589 [INFO] IPUIPlugin:80 - create IPUIPlugin
2023-09-22 19:46:39,589 [INFO] PluginManager:220 - loadIPPluginJar : add mdma
2023-09-22 19:46:39,598 [INFO] IPUIPlugin:80 - create IPUIPlugin
2023-09-22 19:46:39,598 [INFO] PluginManager:220 - loadIPPluginJar : add nvic
2023-09-22 19:46:39,620 [INFO] IPUIPlugin:80 - create IPUIPlugin
2023-09-22 19:46:39,620 [INFO] PluginManager:220 - loadIPPluginJar : add opamp
2023-09-22 19:46:39,658 [INFO] IPUIPlugin:80 - create IPUIPlugin
2023-09-22 19:46:39,658 [INFO] PluginManager:220 - loadIPPluginJar : add openamp
2023-09-22 19:46:39,684 [INFO] IPUIPlugin:80 - create IPUIPlugin
2023-09-22 19:46:39,684 [INFO] PluginManager:220 - loadIPPluginJar : add pdm2pcm
2023-09-22 19:46:39,694 [INFO] IPUIPlugin:80 - create IPUIPlugin
2023-09-22 19:46:39,696 [INFO] PluginManager:220 - loadIPPluginJar : add plateformsettings
2023-09-22 19:46:39,709 [INFO] IPUIPlugin:80 - create IPUIPlugin
2023-09-22 19:46:39,709 [INFO] PluginManager:220 - loadIPPluginJar : add quadspi
2023-09-22 19:46:39,718 [INFO] IPUIPlugin:80 - create IPUIPlugin
2023-09-22 19:46:39,718 [INFO] PluginManager:220 - loadIPPluginJar : add resmgrutility
2023-09-22 19:46:39,750 [INFO] IPUIPlugin:80 - create IPUIPlugin
2023-09-22 19:46:39,750 [INFO] PluginManager:220 - loadIPPluginJar : add sai
2023-09-22 19:46:39,773 [INFO] IPUIPlugin:80 - create IPUIPlugin
2023-09-22 19:46:39,773 [INFO] PluginManager:220 - loadIPPluginJar : add spi
2023-09-22 19:46:39,810 [INFO] IPUIPlugin:80 - create IPUIPlugin
2023-09-22 19:46:39,810 [INFO] PluginManager:220 - loadIPPluginJar : add stm32_wpan
2023-09-22 19:46:39,825 [INFO] IPUIPlugin:80 - create IPUIPlugin
2023-09-22 19:46:39,825 [INFO] PluginManager:220 - loadIPPluginJar : add tim
2023-09-22 19:46:39,860 [INFO] IPUIPlugin:80 - create IPUIPlugin
2023-09-22 19:46:39,860 [INFO] PluginManager:220 - loadIPPluginJar : add touchsensing
2023-09-22 19:46:39,873 [INFO] IPUIPlugin:80 - create IPUIPlugin
2023-09-22 19:46:39,873 [INFO] PluginManager:220 - loadIPPluginJar : add tracer_emb
2023-09-22 19:46:39,888 [INFO] IPUIPlugin:80 - create IPUIPlugin
2023-09-22 19:46:39,888 [INFO] PluginManager:220 - loadIPPluginJar : add ts
2023-09-22 19:46:39,901 [INFO] IPUIPlugin:80 - create IPUIPlugin
2023-09-22 19:46:39,901 [INFO] PluginManager:220 - loadIPPluginJar : add tsc
2023-09-22 19:46:39,915 [INFO] IPUIPlugin:80 - create IPUIPlugin
2023-09-22 19:46:39,915 [INFO] PluginManager:220 - loadIPPluginJar : add ucpd
2023-09-22 19:46:39,943 [INFO] IPUIPlugin:80 - create IPUIPlugin
2023-09-22 19:46:39,943 [INFO] PluginManager:220 - loadIPPluginJar : add usart
2023-09-22 19:46:39,978 [INFO] IPUIPlugin:80 - create IPUIPlugin
2023-09-22 19:46:39,979 [INFO] PluginManager:220 - loadIPPluginJar : add usbx
2023-09-22 19:46:40,093 [INFO] CADModel:165 - CPN selected for project level
2023-09-22 19:46:40,093 [INFO] CADModel:114 - Register for checkConnection events
2023-09-22 19:46:40,093 [FATAL] Updater:308 - Updater called before beeing initialized
2023-09-22 19:46:40,093 [ERROR] CADModel:125 - Updater not yet initialized, retry later 
2023-09-22 19:46:40,197 [INFO] CADModel:165 - CPN selected for project level
2023-09-22 19:46:40,197 [INFO] CADModel:114 - Register for checkConnection events
2023-09-22 19:46:40,197 [FATAL] Updater:308 - Updater called before beeing initialized
2023-09-22 19:46:40,197 [ERROR] CADModel:125 - Updater not yet initialized, retry later 
2023-09-22 19:46:40,199 [FATAL] Updater:308 - Updater called before beeing initialized
2023-09-22 19:46:40,274 [FATAL] Updater:308 - Updater called before beeing initialized
2023-09-22 19:46:40,283 [INFO] DbMcusAds:53 - JSON generation date=Tue Mar 07 09:50:55 CET 2023 (1678179055114)
2023-09-22 19:46:40,283 [FATAL] Updater:308 - Updater called before beeing initialized
2023-09-22 19:46:40,342 [WARN] DetailPanel:346 - Failed to get advertising image, set to default
2023-09-22 19:46:40,419 [FATAL] Updater:308 - Updater called before beeing initialized
2023-09-22 19:46:40,420 [FATAL] Updater:308 - Updater called before beeing initialized
2023-09-22 19:46:40,420 [FATAL] Updater:308 - Updater called before beeing initialized
2023-09-22 19:46:40,420 [WARN] DetailPanel:346 - Failed to get advertising image, set to default
2023-09-22 19:46:40,421 [FATAL] Updater:308 - Updater called before beeing initialized
2023-09-22 19:46:40,462 [ERROR] Updater:1120 - MainUpdater not yet initialized. External WinMGr cannot be set.
2023-09-22 19:46:40,469 [INFO] Updater:1056 - Updater Version found : 6.9.1
2023-09-22 19:46:40,486 [INFO] ApplicationProperties:184 - Using Application install path: C:\ST\STM32CubeIDE_1.13.1\STM32CubeIDE\plugins\com.st.stm32cube.common.mx_6.9.1.202307191849
2023-09-22 19:46:40,711 [INFO] MainUpdater:2868 - connection check result : 10
2023-09-22 19:46:40,711 [INFO] MainUpdater:3562 - Updater definition file requires update
2023-09-22 19:46:40,711 [INFO] MainUpdater:285 - Updater Check For Update Now.
2023-09-22 19:46:40,712 [INFO] MicroXplorer:498 - Change Database Version : DB.6.0.91
2023-09-22 19:46:40,722 [INFO] McuFinderGlobals:63 - Set McuFinder mode to 2 (CubeIDE integrated)
2023-09-22 19:46:40,748 [INFO] ServerAccessManage:473 - Download File updaters.zip
2023-09-22 19:46:40,798 [INFO] FileExtend:240 - Unzip File : updaters.zip
2023-09-22 19:46:40,798 [INFO] FileExtend:255 - Standard Zip Deflate
2023-09-22 19:46:41,068 [INFO] ServerAccessManage:473 - Download File PacksControlFlags.xml
2023-09-22 19:46:41,343 [INFO] ServerAccessManage:473 - Download File cubemx.pidx
2023-09-22 19:46:41,404 [INFO] LoadServerUpdatesThread:373 - End of LoadServerUpdate Thread
2023-09-22 19:46:41,439 [WARN] MainUpdater:1189 - Updater busy. Cannot search thirdparties
2023-09-22 19:46:41,439 [INFO] ThirdPartyUpdaterWithRetryManager:96 - Updater plugin is busy. [1/15]
2023-09-22 19:46:41,550 [INFO] CheckServerUpdateThread:120 - End of CheckServer Thread
2023-09-22 19:46:44,558 [WARN] PackLoader:240 - Cannot read IP mode file for STMicroelectronics.X-CUBE-GNSS1.6.0.0
2023-09-22 19:46:44,592 [WARN] PackLoader:240 - Cannot read IP mode file for STMicroelectronics.X-CUBE-AZRTOS-F4.1.1.0
2023-09-22 19:46:44,611 [WARN] PackLoader:240 - Cannot read IP mode file for STMicroelectronics.X-CUBE-SMBUS.2.1.0
2023-09-22 19:46:44,641 [WARN] PackLoader:240 - Cannot read IP mode file for STMicroelectronics.X-CUBE-AZRTOS-L5.2.0.0
2023-09-22 19:46:44,670 [WARN] PackLoader:240 - Cannot read IP mode file for STMicroelectronics.X-CUBE-AZRTOS-F7.1.1.0
2023-09-22 19:46:44,717 [WARN] PackLoader:240 - Cannot read IP mode file for STMicroelectronics.X-CUBE-MEMS1.9.6.0
2023-09-22 19:46:44,847 [WARN] PackLoader:240 - Cannot read IP mode file for STMicroelectronics.FP-SNS-MOTENV1.4.3.2
2023-09-22 19:46:44,858 [WARN] PackLoader:240 - Cannot read IP mode file for STMicroelectronics.X-CUBE-BLE1.6.2.4
2023-09-22 19:46:44,870 [WARN] PackLoader:240 - Cannot read IP mode file for STMicroelectronics.X-CUBE-BLEMGR.2.0.0
2023-09-22 19:46:44,895 [WARN] ConditionMgr:438 - getConditionDescription Invalid condition id : UX DEVICE CLASS RTOS Condition cause : null
2023-09-22 19:46:44,895 [WARN] ConditionMgr:438 - getConditionDescription Invalid condition id : UX DEVICE CLASS RTOS Condition cause : null
2023-09-22 19:46:44,897 [WARN] PackLoader:240 - Cannot read IP mode file for STMicroelectronics.X-CUBE-AZRTOS-H7.3.1.0
2023-09-22 19:46:44,898 [WARN] ConditionMgr:1039 - genDependencies : Invalid condition id : UX DEVICE CLASS RTOS Condition cause : null
2023-09-22 19:46:44,898 [WARN] ConditionMgr:1039 - genDependencies : Invalid condition id : UX DEVICE CLASS RTOS Condition cause : null
2023-09-22 19:46:44,898 [WARN] ConditionMgr:1039 - genDependencies : Invalid condition id : UX DEVICE CLASS RTOS Condition cause : null
2023-09-22 19:46:44,898 [WARN] ConditionMgr:1039 - genDependencies : Invalid condition id : UX DEVICE CLASS RTOS Condition cause : null
2023-09-22 19:46:44,899 [WARN] ConditionMgr:1039 - genDependencies : Invalid condition id : UX DEVICE CLASS RTOS Condition cause : null
2023-09-22 19:46:44,911 [WARN] PackLoader:240 - Cannot read IP mode file for STMicroelectronics.X-CUBE-DISPLAY.3.0.0
2023-09-22 19:46:44,923 [WARN] PackLoader:240 - Cannot read IP mode file for STMicroelectronics.X-CUBE-BLE1.7.0.0
2023-09-22 19:46:44,933 [WARN] PackLoader:240 - Cannot read IP mode file for emotas.I-CUBE-CANOPEN.1.3.0
2023-09-22 19:46:44,942 [WARN] PackLoader:240 - Cannot read IP mode file for STMicroelectronics.X-CUBE-TOUCHGFX.4.22.0
2023-09-22 19:46:44,952 [WARN] PackLoader:240 - Cannot read IP mode file for STMicroelectronics.X-CUBE-NFC7.1.0.1
2023-09-22 19:46:44,963 [WARN] PackLoader:240 - Cannot read IP mode file for STMicroelectronics.X-CUBE-NFC6.3.0.0
2023-09-22 19:46:44,973 [WARN] PackLoader:240 - Cannot read IP mode file for STMicroelectronics.X-CUBE-EEPRMA1.4.1.0
2023-09-22 19:46:44,983 [WARN] PackLoader:240 - Cannot read IP mode file for STMicroelectronics.FP-SNS-SMARTAG2.1.2.0
2023-09-22 19:46:44,998 [INFO] LogOutputStream:77 - [STDOUT_REDIRECT] 1 : Invalid condition id : UX_CORESTACK_Condition cause : null
2023-09-22 19:46:44,999 [INFO] LogOutputStream:77 - [STDOUT_REDIRECT] 1 : Invalid condition id : UX_CORESTACK_Condition cause : null
2023-09-22 19:46:44,999 [INFO] LogOutputStream:77 - [STDOUT_REDIRECT] 1 : Invalid condition id : UX_CORESTACK_Condition cause : null
2023-09-22 19:46:45,000 [INFO] LogOutputStream:77 - [STDOUT_REDIRECT] 1 : Invalid condition id : UX_CORESTACK_Condition cause : null
2023-09-22 19:46:45,001 [INFO] LogOutputStream:77 - [STDOUT_REDIRECT] 1 : Invalid condition id : UX_CORESTACK_Condition cause : null
2023-09-22 19:46:45,003 [WARN] PackLoader:240 - Cannot read IP mode file for STMicroelectronics.X-CUBE-AZRTOS-WL.2.0.0
2023-09-22 19:46:45,012 [WARN] PackLoader:240 - Cannot read IP mode file for STMicroelectronics.X-CUBE-AI.8.1.0
2023-09-22 19:46:45,034 [WARN] ConditionMgr:438 - getConditionDescription Invalid condition id : LAN8742 Phy interface Condition cause : null
2023-09-22 19:46:45,035 [WARN] PackLoader:240 - Cannot read IP mode file for STMicroelectronics.X-CUBE-AZRTOS-L4.2.0.0
2023-09-22 19:46:45,036 [WARN] ConditionMgr:1039 - genDependencies : Invalid condition id : LAN8742 Phy interface Condition cause : null
2023-09-22 19:46:45,037 [WARN] ConditionMgr:1039 - genDependencies : Invalid condition id : LAN8742 Phy interface Condition cause : null
2023-09-22 19:46:45,037 [WARN] ConditionMgr:1039 - genDependencies : Invalid condition id : LAN8742 Phy interface Condition cause : null
2023-09-22 19:46:45,049 [WARN] PackLoader:240 - Cannot read IP mode file for WES.I-CUBE-Cesium.1.3.0
2023-09-22 19:46:45,060 [WARN] PackLoader:240 - Cannot read IP mode file for STMicroelectronics.X-CUBE-SFXS2LP1.4.0.0
2023-09-22 19:46:45,069 [WARN] PackLoader:240 - Cannot read IP mode file for STMicroelectronics.X-CUBE-BLE2.3.3.0
2023-09-22 19:46:45,080 [WARN] PackLoader:240 - Cannot read IP mode file for STMicroelectronics.X-CUBE-ISPU.1.1.0
2023-09-22 19:46:45,099 [WARN] ConditionMgr:438 - getConditionDescription Invalid condition id : UX DEVICE CLASS RTOS Condition cause : null
2023-09-22 19:46:45,099 [WARN] ConditionMgr:438 - getConditionDescription Invalid condition id : UX DEVICE CLASS RTOS Condition cause : null
2023-09-22 19:46:45,101 [WARN] PackLoader:240 - Cannot read IP mode file for STMicroelectronics.X-CUBE-AZRTOS-WB.2.0.0
2023-09-22 19:46:45,101 [WARN] ConditionMgr:1039 - genDependencies : Invalid condition id : UX DEVICE CLASS RTOS Condition cause : null
2023-09-22 19:46:45,101 [WARN] ConditionMgr:1039 - genDependencies : Invalid condition id : UX DEVICE CLASS RTOS Condition cause : null
2023-09-22 19:46:45,101 [WARN] ConditionMgr:1039 - genDependencies : Invalid condition id : UX DEVICE CLASS RTOS Condition cause : null
2023-09-22 19:46:45,102 [WARN] ConditionMgr:1039 - genDependencies : Invalid condition id : UX DEVICE CLASS RTOS Condition cause : null
2023-09-22 19:46:45,102 [WARN] ConditionMgr:1039 - genDependencies : Invalid condition id : UX DEVICE CLASS RTOS Condition cause : null
2023-09-22 19:46:45,110 [WARN] PackLoader:240 - Cannot read IP mode file for STMicroelectronics.X-CUBE-FREERTOS.1.0.1
2023-09-22 19:46:45,120 [WARN] PackLoader:240 - Cannot read IP mode file for STMicroelectronics.X-CUBE-ALGOBUILD.1.3.0
2023-09-22 19:46:45,154 [WARN] PackLoader:240 - Cannot read IP mode file for STMicroelectronics.X-CUBE-AZRTOS-L5.1.1.0
2023-09-22 19:46:45,175 [WARN] PackLoader:240 - Cannot read IP mode file for STMicroelectronics.X-CUBE-AZRTOS-G0.1.1.0
2023-09-22 19:46:45,183 [WARN] PackLoader:240 - Cannot read IP mode file for STMicroelectronics.X-CUBE-AI.8.0.1
2023-09-22 19:46:45,197 [WARN] PackLoader:240 - Cannot read IP mode file for STMicroelectronics.X-CUBE-SUBG2.5.0.0
2023-09-22 19:46:45,210 [WARN] PackLoader:240 - Cannot read IP mode file for STMicroelectronics.X-CUBE-NFC4.3.0.0
2023-09-22 19:46:45,229 [WARN] PackLoader:240 - Cannot read IP mode file for STMicroelectronics.X-CUBE-AZRTOS-G4.2.0.0
2023-09-22 19:46:45,239 [WARN] PackLoader:240 - Cannot read IP mode file for STMicroelectronics.FP-ATR-SIGFOX1.3.2.0
2023-09-22 19:46:45,247 [WARN] PackLoader:240 - Cannot read IP mode file for STMicroelectronics.X-CUBE-FREERTOS.1.1.0
2023-09-22 19:46:45,257 [WARN] PackLoader:240 - Cannot read IP mode file for portGmbH.I-Cube-SoM-uGOAL.1.1.0
2023-09-22 19:46:45,265 [WARN] PackLoader:240 - Cannot read IP mode file for STMicroelectronics.X-CUBE-ALS.1.0.1
2023-09-22 19:46:45,283 [WARN] PackLoader:240 - Cannot read IP mode file for STMicroelectronics.X-CUBE-AZRTOS-WB.1.1.0
2023-09-22 19:46:45,312 [WARN] PackLoader:240 - Cannot read IP mode file for SEGGER.I-CUBE-embOS.1.3.1
2023-09-22 19:46:45,346 [WARN] PackLoader:240 - Cannot read IP mode file for STMicroelectronics.FP-ATR-ASTRA1.2.0.0
2023-09-22 19:46:45,347 [INFO] ThirdParty:978 - Integrity check success = true
2023-09-22 19:46:45,347 [INFO] IntegrityCheckThread:100 - exiting critical section [integrity check]
2023-09-22 19:46:45,347 [INFO] IntegrityCheckThread:103 - End integrity checks thread
2023-09-22 19:47:01,253 [ERROR] LogOutputStream:75 - [STDERR_REDIRECT] SLF4J: Failed to load class "org.slf4j.impl.StaticLoggerBinder".
2023-09-22 19:47:01,255 [ERROR] LogOutputStream:75 - [STDERR_REDIRECT] SLF4J: Defaulting to no-operation (NOP) logger implementation
2023-09-22 19:47:01,255 [ERROR] LogOutputStream:75 - [STDERR_REDIRECT] SLF4J: See http://www.slf4j.org/codes.html#StaticLoggerBinder for further details.
